2012/12/12 01:19:46 [error] [exception.CHttpException.404] exception 'CHttpException' with message 'The system is unable to find the requested action "vendor".' in /home/kim/dev/src/yii-1.1.12.b600af/framework/web/CController.php:484
Stack trace:
#0 /home/kim/dev/src/yii-1.1.12.b600af/framework/web/CController.php(271): CController->missingAction('vendor')
#1 /home/kim/dev/src/yii-1.1.12.b600af/framework/web/CWebApplication.php(283): CController->run('vendor')
#2 /home/kim/dev/src/yii-1.1.12.b600af/framework/web/CWebApplication.php(142): CWebApplication->runController('site/vendor')
#3 /home/kim/dev/src/yii-1.1.12.b600af/framework/base/CApplication.php(162): CWebApplication->processRequest()
#4 /home/kim/dev/src/plugin.dev/public_html/cboxoffice/backend/index.php(13): CApplication->run()
#5 {main}
REQUEST_URI=/cboxoffice/backend/index.php/site/vendor
HTTP_REFERER=http://www.plugin.dev/cboxoffice/backend/
---
2012/12/12 01:20:04 [error] [exception.CHttpException.404] exception 'CHttpException' with message 'The system is unable to find the requested action "vendor".' in /home/kim/dev/src/yii-1.1.12.b600af/framework/web/CController.php:484
Stack trace:
#0 /home/kim/dev/src/yii-1.1.12.b600af/framework/web/CController.php(271): CController->missingAction('vendor')
#1 /home/kim/dev/src/yii-1.1.12.b600af/framework/web/CWebApplication.php(283): CController->run('vendor')
#2 /home/kim/dev/src/yii-1.1.12.b600af/framework/web/CWebApplication.php(142): CWebApplication->runController('site/vendor')
#3 /home/kim/dev/src/yii-1.1.12.b600af/framework/base/CApplication.php(162): CWebApplication->processRequest()
#4 /home/kim/dev/src/plugin.dev/public_html/cboxoffice/backend/index.php(13): CApplication->run()
#5 {main}
REQUEST_URI=/cboxoffice/backend/index.php/site/vendor
HTTP_REFERER=http://www.plugin.dev/cboxoffice/backend/index.php/site/vendor
---
2012/12/12 01:48:47 [error] [exception.CHttpException.400] exception 'CHttpException' with message 'Your request is invalid.' in /home/kim/dev/src/yii-1.1.12.b600af/framework/web/CController.php:337
Stack trace:
#0 /home/kim/dev/src/yii-1.1.12.b600af/framework/web/CController.php(310): CController->invalidActionParams(Object(CInlineAction))
#1 /home/kim/dev/src/yii-1.1.12.b600af/framework/web/filters/CFilterChain.php(134): CController->runAction(Object(CInlineAction))
#2 /home/kim/dev/src/yii-1.1.12.b600af/framework/web/filters/CFilter.php(41): CFilterChain->run()
#3 /home/kim/dev/src/yii-1.1.12.b600af/framework/web/CController.php(1146): CFilter->filter(Object(CFilterChain))
#4 /home/kim/dev/src/yii-1.1.12.b600af/framework/web/filters/CInlineFilter.php(59): CController->filterAccessControl(Object(CFilterChain))
#5 /home/kim/dev/src/yii-1.1.12.b600af/framework/web/filters/CFilterChain.php(131): CInlineFilter->filter(Object(CFilterChain))
#6 /home/kim/dev/src/yii-1.1.12.b600af/framework/web/CController.php(292): CFilterChain->run()
#7 /home/kim/dev/src/yii-1.1.12.b600af/framework/web/CController.php(266): CController->runActionWithFilters(Object(CInlineAction), Array)
#8 /home/kim/dev/src/yii-1.1.12.b600af/framework/web/CWebApplication.php(283): CController->run('update')
#9 /home/kim/dev/src/yii-1.1.12.b600af/framework/web/CWebApplication.php(142): CWebApplication->runController('vendor/update')
#10 /home/kim/dev/src/yii-1.1.12.b600af/framework/base/CApplication.php(162): CWebApplication->processRequest()
#11 /home/kim/dev/src/plugin.dev/public_html/cboxoffice/backend/index.php(13): CApplication->run()
#12 {main}
REQUEST_URI=/cboxoffice/backend/index.php/vendor/update
HTTP_REFERER=http://www.plugin.dev/cboxoffice/backend/index.php/vendor/update/1
---
2012/12/12 02:20:45 [error] [exception.CException] exception 'CException' with message 'Property "Vendor.venue_name" is not defined.' in /home/kim/dev/src/yii-1.1.12.b600af/framework/base/CComponent.php:131
Stack trace:
#0 /home/kim/dev/src/yii-1.1.12.b600af/framework/db/ar/CActiveRecord.php(144): CComponent->__get('venue_name')
#1 /home/kim/dev/src/yii-1.1.12.b600af/framework/web/helpers/CHtml.php(2158): CActiveRecord->__get('venue_name')
#2 /home/kim/dev/src/yii-1.1.12.b600af/framework/web/helpers/CHtml.php(1887): CHtml::resolveValue(Object(Vendor), 'venue_name')
#3 /home/kim/dev/src/yii-1.1.12.b600af/framework/web/helpers/CHtml.php(1217): CHtml::activeInputField('text', Object(Vendor), 'venue_name', Array)
#4 /home/kim/dev/src/yii-1.1.12.b600af/framework/web/widgets/CActiveForm.php(658): CHtml::activeTextField(Object(Vendor), 'venue_name', Array)
#5 /home/kim/dev/src/plugin.dev/public_html/cboxoffice/backend/protected/views/vendor/_form.php(74): CActiveForm->textField(Object(Vendor), 'venue_name', Array)
#6 /home/kim/dev/src/yii-1.1.12.b600af/framework/web/CBaseController.php(127): require('/home/kim/dev/s...')
#7 /home/kim/dev/src/yii-1.1.12.b600af/framework/web/CBaseController.php(96): CBaseController->renderInternal('/home/kim/dev/s...', Array, true)
#8 /home/kim/dev/src/yii-1.1.12.b600af/framework/web/CController.php(870): CBaseController->renderFile('/home/kim/dev/s...', Array, true)
#9 /home/kim/dev/src/plugin.dev/public_html/cboxoffice/backend/protected/views/vendor/update.php(23): CController->renderPartial('_form', Array)
#10 /home/kim/dev/src/yii-1.1.12.b600af/framework/web/CBaseController.php(127): require('/home/kim/dev/s...')
#11 /home/kim/dev/src/yii-1.1.12.b600af/framework/web/CBaseController.php(96): CBaseController->renderInternal('/home/kim/dev/s...', Array, true)
#12 /home/kim/dev/src/yii-1.1.12.b600af/framework/web/CController.php(870): CBaseController->renderFile('/home/kim/dev/s...', Array, true)
#13 /home/kim/dev/src/yii-1.1.12.b600af/framework/web/CController.php(783): CController->renderPartial('update', Array, true)
#14 /home/kim/dev/src/plugin.dev/public_html/cboxoffice/backend/protected/controllers/VendorController.php(103): CController->render('update', Array)
#15 [internal function]: VendorController->actionUpdate('1')
#16 /home/kim/dev/src/yii-1.1.12.b600af/framework/web/actions/CAction.php(107): ReflectionMethod->invokeArgs(Object(VendorController), Array)
#17 /home/kim/dev/src/yii-1.1.12.b600af/framework/web/actions/CInlineAction.php(48): CAction->runWithParamsInternal(Object(VendorController), Object(ReflectionMethod), Array)
#18 /home/kim/dev/src/yii-1.1.12.b600af/framework/web/CController.php(309): CInlineAction->runWithParams(Array)
#19 /home/kim/dev/src/yii-1.1.12.b600af/framework/web/filters/CFilterChain.php(134): CController->runAction(Object(CInlineAction))
#20 /home/kim/dev/src/yii-1.1.12.b600af/framework/web/filters/CFilter.php(41): CFilterChain->run()
#21 /home/kim/dev/src/yii-1.1.12.b600af/framework/web/CController.php(1146): CFilter->filter(Object(CFilterChain))
#22 /home/kim/dev/src/yii-1.1.12.b600af/framework/web/filters/CInlineFilter.php(59): CController->filterAccessControl(Object(CFilterChain))
#23 /home/kim/dev/src/yii-1.1.12.b600af/framework/web/filters/CFilterChain.php(131): CInlineFilter->filter(Object(CFilterChain))
#24 /home/kim/dev/src/yii-1.1.12.b600af/framework/web/CController.php(292): CFilterChain->run()
#25 /home/kim/dev/src/yii-1.1.12.b600af/framework/web/CController.php(266): CController->runActionWithFilters(Object(CInlineAction), Array)
#26 /home/kim/dev/src/yii-1.1.12.b600af/framework/web/CWebApplication.php(283): CController->run('update')
#27 /home/kim/dev/src/yii-1.1.12.b600af/framework/web/CWebApplication.php(142): CWebApplication->runController('vendor/update')
#28 /home/kim/dev/src/yii-1.1.12.b600af/framework/base/CApplication.php(162): CWebApplication->processRequest()
#29 /home/kim/dev/src/plugin.dev/public_html/cboxoffice/backend/index.php(13): CApplication->run()
#30 {main}
REQUEST_URI=/cboxoffice/backend/index.php/vendor/update/1
HTTP_REFERER=http://www.plugin.dev/cboxoffice/backend/index.php
---
2012/12/12 02:20:58 [error] [exception.CException] exception 'CException' with message 'Property "Vendor.venue_name" is not defined.' in /home/kim/dev/src/yii-1.1.12.b600af/framework/base/CComponent.php:131
Stack trace:
#0 /home/kim/dev/src/yii-1.1.12.b600af/framework/db/ar/CActiveRecord.php(144): CComponent->__get('venue_name')
#1 /home/kim/dev/src/yii-1.1.12.b600af/framework/web/helpers/CHtml.php(2158): CActiveRecord->__get('venue_name')
#2 /home/kim/dev/src/yii-1.1.12.b600af/framework/web/helpers/CHtml.php(1887): CHtml::resolveValue(Object(Vendor), 'venue_name')
#3 /home/kim/dev/src/yii-1.1.12.b600af/framework/web/helpers/CHtml.php(1217): CHtml::activeInputField('text', Object(Vendor), 'venue_name', Array)
#4 /home/kim/dev/src/yii-1.1.12.b600af/framework/web/widgets/CActiveForm.php(658): CHtml::activeTextField(Object(Vendor), 'venue_name', Array)
#5 /home/kim/dev/src/plugin.dev/public_html/cboxoffice/backend/protected/views/vendor/_form.php(74): CActiveForm->textField(Object(Vendor), 'venue_name', Array)
#6 /home/kim/dev/src/yii-1.1.12.b600af/framework/web/CBaseController.php(127): require('/home/kim/dev/s...')
#7 /home/kim/dev/src/yii-1.1.12.b600af/framework/web/CBaseController.php(96): CBaseController->renderInternal('/home/kim/dev/s...', Array, true)
#8 /home/kim/dev/src/yii-1.1.12.b600af/framework/web/CController.php(870): CBaseController->renderFile('/home/kim/dev/s...', Array, true)
#9 /home/kim/dev/src/plugin.dev/public_html/cboxoffice/backend/protected/views/vendor/update.php(23): CController->renderPartial('_form', Array)
#10 /home/kim/dev/src/yii-1.1.12.b600af/framework/web/CBaseController.php(127): require('/home/kim/dev/s...')
#11 /home/kim/dev/src/yii-1.1.12.b600af/framework/web/CBaseController.php(96): CBaseController->renderInternal('/home/kim/dev/s...', Array, true)
#12 /home/kim/dev/src/yii-1.1.12.b600af/framework/web/CController.php(870): CBaseController->renderFile('/home/kim/dev/s...', Array, true)
#13 /home/kim/dev/src/yii-1.1.12.b600af/framework/web/CController.php(783): CController->renderPartial('update', Array, true)
#14 /home/kim/dev/src/plugin.dev/public_html/cboxoffice/backend/protected/controllers/VendorController.php(103): CController->render('update', Array)
#15 [internal function]: VendorController->actionUpdate('1')
#16 /home/kim/dev/src/yii-1.1.12.b600af/framework/web/actions/CAction.php(107): ReflectionMethod->invokeArgs(Object(VendorController), Array)
#17 /home/kim/dev/src/yii-1.1.12.b600af/framework/web/actions/CInlineAction.php(48): CAction->runWithParamsInternal(Object(VendorController), Object(ReflectionMethod), Array)
#18 /home/kim/dev/src/yii-1.1.12.b600af/framework/web/CController.php(309): CInlineAction->runWithParams(Array)
#19 /home/kim/dev/src/yii-1.1.12.b600af/framework/web/filters/CFilterChain.php(134): CController->runAction(Object(CInlineAction))
#20 /home/kim/dev/src/yii-1.1.12.b600af/framework/web/filters/CFilter.php(41): CFilterChain->run()
#21 /home/kim/dev/src/yii-1.1.12.b600af/framework/web/CController.php(1146): CFilter->filter(Object(CFilterChain))
#22 /home/kim/dev/src/yii-1.1.12.b600af/framework/web/filters/CInlineFilter.php(59): CController->filterAccessControl(Object(CFilterChain))
#23 /home/kim/dev/src/yii-1.1.12.b600af/framework/web/filters/CFilterChain.php(131): CInlineFilter->filter(Object(CFilterChain))
#24 /home/kim/dev/src/yii-1.1.12.b600af/framework/web/CController.php(292): CFilterChain->run()
#25 /home/kim/dev/src/yii-1.1.12.b600af/framework/web/CController.php(266): CController->runActionWithFilters(Object(CInlineAction), Array)
#26 /home/kim/dev/src/yii-1.1.12.b600af/framework/web/CWebApplication.php(283): CController->run('update')
#27 /home/kim/dev/src/yii-1.1.12.b600af/framework/web/CWebApplication.php(142): CWebApplication->runController('vendor/update')
#28 /home/kim/dev/src/yii-1.1.12.b600af/framework/base/CApplication.php(162): CWebApplication->processRequest()
#29 /home/kim/dev/src/plugin.dev/public_html/cboxoffice/backend/index.php(13): CApplication->run()
#30 {main}
REQUEST_URI=/cboxoffice/backend/index.php/vendor/update/1
HTTP_REFERER=http://www.plugin.dev/cboxoffice/backend/index.php
---
2012/12/12 02:22:43 [error] [exception.CException] exception 'CException' with message 'Property "Vendor.venue_name" is not defined.' in /home/kim/dev/src/yii-1.1.12.b600af/framework/base/CComponent.php:131
Stack trace:
#0 /home/kim/dev/src/yii-1.1.12.b600af/framework/db/ar/CActiveRecord.php(144): CComponent->__get('venue_name')
#1 /home/kim/dev/src/yii-1.1.12.b600af/framework/web/helpers/CHtml.php(2158): CActiveRecord->__get('venue_name')
#2 /home/kim/dev/src/yii-1.1.12.b600af/framework/web/helpers/CHtml.php(1887): CHtml::resolveValue(Object(Vendor), 'venue_name')
#3 /home/kim/dev/src/yii-1.1.12.b600af/framework/web/helpers/CHtml.php(1217): CHtml::activeInputField('text', Object(Vendor), 'venue_name', Array)
#4 /home/kim/dev/src/yii-1.1.12.b600af/framework/web/widgets/CActiveForm.php(658): CHtml::activeTextField(Object(Vendor), 'venue_name', Array)
#5 /home/kim/dev/src/plugin.dev/public_html/cboxoffice/backend/protected/views/vendor/_form.php(74): CActiveForm->textField(Object(Vendor), 'venue_name', Array)
#6 /home/kim/dev/src/yii-1.1.12.b600af/framework/web/CBaseController.php(127): require('/home/kim/dev/s...')
#7 /home/kim/dev/src/yii-1.1.12.b600af/framework/web/CBaseController.php(96): CBaseController->renderInternal('/home/kim/dev/s...', Array, true)
#8 /home/kim/dev/src/yii-1.1.12.b600af/framework/web/CController.php(870): CBaseController->renderFile('/home/kim/dev/s...', Array, true)
#9 /home/kim/dev/src/plugin.dev/public_html/cboxoffice/backend/protected/views/vendor/update.php(23): CController->renderPartial('_form', Array)
#10 /home/kim/dev/src/yii-1.1.12.b600af/framework/web/CBaseController.php(127): require('/home/kim/dev/s...')
#11 /home/kim/dev/src/yii-1.1.12.b600af/framework/web/CBaseController.php(96): CBaseController->renderInternal('/home/kim/dev/s...', Array, true)
#12 /home/kim/dev/src/yii-1.1.12.b600af/framework/web/CController.php(870): CBaseController->renderFile('/home/kim/dev/s...', Array, true)
#13 /home/kim/dev/src/yii-1.1.12.b600af/framework/web/CController.php(783): CController->renderPartial('update', Array, true)
#14 /home/kim/dev/src/plugin.dev/public_html/cboxoffice/backend/protected/controllers/VendorController.php(103): CController->render('update', Array)
#15 [internal function]: VendorController->actionUpdate('1')
#16 /home/kim/dev/src/yii-1.1.12.b600af/framework/web/actions/CAction.php(107): ReflectionMethod->invokeArgs(Object(VendorController), Array)
#17 /home/kim/dev/src/yii-1.1.12.b600af/framework/web/actions/CInlineAction.php(48): CAction->runWithParamsInternal(Object(VendorController), Object(ReflectionMethod), Array)
#18 /home/kim/dev/src/yii-1.1.12.b600af/framework/web/CController.php(309): CInlineAction->runWithParams(Array)
#19 /home/kim/dev/src/yii-1.1.12.b600af/framework/web/filters/CFilterChain.php(134): CController->runAction(Object(CInlineAction))
#20 /home/kim/dev/src/yii-1.1.12.b600af/framework/web/filters/CFilter.php(41): CFilterChain->run()
#21 /home/kim/dev/src/yii-1.1.12.b600af/framework/web/CController.php(1146): CFilter->filter(Object(CFilterChain))
#22 /home/kim/dev/src/yii-1.1.12.b600af/framework/web/filters/CInlineFilter.php(59): CController->filterAccessControl(Object(CFilterChain))
#23 /home/kim/dev/src/yii-1.1.12.b600af/framework/web/filters/CFilterChain.php(131): CInlineFilter->filter(Object(CFilterChain))
#24 /home/kim/dev/src/yii-1.1.12.b600af/framework/web/CController.php(292): CFilterChain->run()
#25 /home/kim/dev/src/yii-1.1.12.b600af/framework/web/CController.php(266): CController->runActionWithFilters(Object(CInlineAction), Array)
#26 /home/kim/dev/src/yii-1.1.12.b600af/framework/web/CWebApplication.php(283): CController->run('update')
#27 /home/kim/dev/src/yii-1.1.12.b600af/framework/web/CWebApplication.php(142): CWebApplication->runController('vendor/update')
#28 /home/kim/dev/src/yii-1.1.12.b600af/framework/base/CApplication.php(162): CWebApplication->processRequest()
#29 /home/kim/dev/src/plugin.dev/public_html/cboxoffice/backend/index.php(13): CApplication->run()
#30 {main}
REQUEST_URI=/cboxoffice/backend/index.php/vendor/update/1
HTTP_REFERER=http://www.plugin.dev/cboxoffice/backend/
---
2012/12/12 11:30:55 [error] [exception.CException] exception 'CException' with message 'Property "Event.image_filename" is not defined.' in /home/dglink.co.uk/domains/secure.dglink.co.uk/public_html/cboxoffice/backend/yii/framework/base/CComponent.php:174
Stack trace:
#0 /home/dglink.co.uk/domains/secure.dglink.co.uk/public_html/cboxoffice/backend/yii/framework/db/ar/CActiveRecord.php(160): CComponent->__set('image_filename', NULL)
#1 /home/dglink.co.uk/domains/secure.dglink.co.uk/public_html/cboxoffice/backend/protected/controllers/EventController.php(73): CActiveRecord->__set('image_filename', NULL)
#2 /home/dglink.co.uk/domains/secure.dglink.co.uk/public_html/cboxoffice/backend/yii/framework/web/actions/CInlineAction.php(50): EventController->actionCreate()
#3 /home/dglink.co.uk/domains/secure.dglink.co.uk/public_html/cboxoffice/backend/yii/framework/web/CController.php(309): CInlineAction->runWithParams(Array)
#4 /home/dglink.co.uk/domains/secure.dglink.co.uk/public_html/cboxoffice/backend/yii/framework/web/filters/CFilterChain.php(134): CController->runAction(Object(CInlineAction))
#5 /home/dglink.co.uk/domains/secure.dglink.co.uk/public_html/cboxoffice/backend/yii/framework/web/filters/CFilter.php(41): CFilterChain->run()
#6 /home/dglink.co.uk/domains/secure.dglink.co.uk/public_html/cboxoffice/backend/yii/framework/web/CController.php(1146): CFilter->filter(Object(CFilterChain))
#7 /home/dglink.co.uk/domains/secure.dglink.co.uk/public_html/cboxoffice/backend/yii/framework/web/filters/CInlineFilter.php(59): CController->filterAccessControl(Object(CFilterChain))
#8 /home/dglink.co.uk/domains/secure.dglink.co.uk/public_html/cboxoffice/backend/yii/framework/web/filters/CFilterChain.php(131): CInlineFilter->filter(Object(CFilterChain))
#9 /home/dglink.co.uk/domains/secure.dglink.co.uk/public_html/cboxoffice/backend/yii/framework/web/CController.php(292): CFilterChain->run()
#10 /home/dglink.co.uk/domains/secure.dglink.co.uk/public_html/cboxoffice/backend/yii/framework/web/CController.php(266): CController->runActionWithFilters(Object(CInlineAction), Array)
#11 /home/dglink.co.uk/domains/secure.dglink.co.uk/public_html/cboxoffice/backend/yii/framework/web/CWebApplication.php(283): CController->run('create')
#12 /home/dglink.co.uk/domains/secure.dglink.co.uk/public_html/cboxoffice/backend/yii/framework/web/CWebApplication.php(142): CWebApplication->runController('event/create')
#13 /home/dglink.co.uk/domains/secure.dglink.co.uk/public_html/cboxoffice/backend/yii/framework/base/CApplication.php(162): CWebApplication->processRequest()
#14 /home/dglink.co.uk/domains/secure.dglink.co.uk/public_html/cboxoffice/backend/index.php(13): CApplication->run()
#15 {main}
REQUEST_URI=/cboxoffice/backend/index.php/event/create
HTTP_REFERER=http://secure.dglink.co.uk/cboxoffice/backend/index.php/event/create
---
2012/12/12 11:45:09 [warning] [application] Failed to set unsafe attribute "ticket_logo_path" of "Event".
in /home/dglink.co.uk/domains/secure.dglink.co.uk/public_html/cboxoffice/backend/protected/controllers/EventController.php (103)
in /home/dglink.co.uk/domains/secure.dglink.co.uk/public_html/cboxoffice/backend/index.php (13)
2012/12/12 11:45:42 [warning] [application] Failed to set unsafe attribute "ticket_logo_path" of "Event".
in /home/dglink.co.uk/domains/secure.dglink.co.uk/public_html/cboxoffice/backend/protected/controllers/EventController.php (72)
in /home/dglink.co.uk/domains/secure.dglink.co.uk/public_html/cboxoffice/backend/index.php (13)
2012/12/12 11:45:49 [warning] [application] Failed to set unsafe attribute "ticket_logo_path" of "Event".
in /home/dglink.co.uk/domains/secure.dglink.co.uk/public_html/cboxoffice/backend/protected/controllers/EventController.php (72)
in /home/dglink.co.uk/domains/secure.dglink.co.uk/public_html/cboxoffice/backend/index.php (13)
2012/12/12 11:47:02 [warning] [application] Failed to set unsafe attribute "ticket_logo_path" of "Event".
in /home/dglink.co.uk/domains/secure.dglink.co.uk/public_html/cboxoffice/backend/protected/controllers/EventController.php (74)
in /home/dglink.co.uk/domains/secure.dglink.co.uk/public_html/cboxoffice/backend/index.php (13)
2012/12/12 11:48:41 [warning] [application] Failed to set unsafe attribute "ticket_logo_path" of "Event".
in /home/dglink.co.uk/domains/secure.dglink.co.uk/public_html/cboxoffice/backend/protected/controllers/EventController.php (72)
in /home/dglink.co.uk/domains/secure.dglink.co.uk/public_html/cboxoffice/backend/index.php (13)
2012/12/12 11:48:55 [warning] [application] Failed to set unsafe attribute "ticket_logo_path" of "Event".
in /home/dglink.co.uk/domains/secure.dglink.co.uk/public_html/cboxoffice/backend/protected/controllers/EventController.php (103)
in /home/dglink.co.uk/domains/secure.dglink.co.uk/public_html/cboxoffice/backend/index.php (13)
2012/12/12 12:00:31 [warning] [application] Failed to set unsafe attribute "ticket_logo_path" of "Event".
in /home/dglink.co.uk/domains/secure.dglink.co.uk/public_html/cboxoffice/backend/protected/controllers/EventController.php (103)
in /home/dglink.co.uk/domains/secure.dglink.co.uk/public_html/cboxoffice/backend/index.php (13)
2012/12/12 12:13:03 [warning] [application] Failed to set unsafe attribute "ticket_logo_path" of "Event".
in /home/dglink.co.uk/domains/secure.dglink.co.uk/public_html/cboxoffice/backend/protected/controllers/EventController.php (103)
in /home/dglink.co.uk/domains/secure.dglink.co.uk/public_html/cboxoffice/backend/index.php (13)
2012/12/12 14:03:44 [warning] [application] Failed to set unsafe attribute "ticket_logo_path" of "Event".
in /home/dglink.co.uk/domains/secure.dglink.co.uk/public_html/cboxoffice/backend/protected/controllers/EventController.php (103)
in /home/dglink.co.uk/domains/secure.dglink.co.uk/public_html/cboxoffice/backend/index.php (13)
2012/12/12 14:28:46 [warning] [application] Failed to set unsafe attribute "ticket_logo_path" of "Event".
in /home/dglink.co.uk/domains/secure.dglink.co.uk/public_html/cboxoffice/backend/protected/controllers/EventController.php (103)
in /home/dglink.co.uk/domains/secure.dglink.co.uk/public_html/cboxoffice/backend/index.php (13)
2012/12/12 14:51:59 [warning] [application] Failed to set unsafe attribute "ticket_logo_path" of "Event".
in /home/dglink.co.uk/domains/secure.dglink.co.uk/public_html/cboxoffice/backend/protected/controllers/EventController.php (103)
in /home/dglink.co.uk/domains/secure.dglink.co.uk/public_html/cboxoffice/backend/index.php (13)
2012/12/12 16:03:20 [warning] [application] Failed to set unsafe attribute "ticket_logo_path" of "Event".
in /home/dglink.co.uk/domains/secure.dglink.co.uk/public_html/cboxoffice/backend/protected/controllers/EventController.php (103)
in /home/dglink.co.uk/domains/secure.dglink.co.uk/public_html/cboxoffice/backend/index.php (13)
2012/12/13 13:52:20 [error] [exception.CHttpException.403] exception 'CHttpException' with message 'You are not authorized to perform this action.' in /home/dglink.co.uk/domains/secure.dglink.co.uk/public_html/cboxoffice/backend/yii/framework/web/auth/CAccessControlFilter.php:170
Stack trace:
#0 /home/dglink.co.uk/domains/secure.dglink.co.uk/public_html/cboxoffice/backend/yii/framework/web/auth/CAccessControlFilter.php(133): CAccessControlFilter->accessDenied(Object(CWebUser), 'You are not aut...')
#1 /home/dglink.co.uk/domains/secure.dglink.co.uk/public_html/cboxoffice/backend/yii/framework/web/filters/CFilter.php(39): CAccessControlFilter->preFilter(Object(CFilterChain))
#2 /home/dglink.co.uk/domains/secure.dglink.co.uk/public_html/cboxoffice/backend/yii/framework/web/CController.php(1146): CFilter->filter(Object(CFilterChain))
#3 /home/dglink.co.uk/domains/secure.dglink.co.uk/public_html/cboxoffice/backend/yii/framework/web/filters/CInlineFilter.php(59): CController->filterAccessControl(Object(CFilterChain))
#4 /home/dglink.co.uk/domains/secure.dglink.co.uk/public_html/cboxoffice/backend/yii/framework/web/filters/CFilterChain.php(131): CInlineFilter->filter(Object(CFilterChain))
#5 /home/dglink.co.uk/domains/secure.dglink.co.uk/public_html/cboxoffice/backend/yii/framework/web/CController.php(292): CFilterChain->run()
#6 /home/dglink.co.uk/domains/secure.dglink.co.uk/public_html/cboxoffice/backend/yii/framework/web/CController.php(266): CController->runActionWithFilters(Object(CInlineAction), Array)
#7 /home/dglink.co.uk/domains/secure.dglink.co.uk/public_html/cboxoffice/backend/yii/framework/web/CWebApplication.php(283): CController->run('admin')
#8 /home/dglink.co.uk/domains/secure.dglink.co.uk/public_html/cboxoffice/backend/yii/framework/web/CWebApplication.php(142): CWebApplication->runController('event/admin')
#9 /home/dglink.co.uk/domains/secure.dglink.co.uk/public_html/cboxoffice/backend/yii/framework/base/CApplication.php(162): CWebApplication->processRequest()
#10 /home/dglink.co.uk/domains/secure.dglink.co.uk/public_html/cboxoffice/backend/index.php(13): CApplication->run()
#11 {main}
REQUEST_URI=/cboxoffice/backend/index.php/event/admin
HTTP_REFERER=https://secure.dglink.co.uk/cboxoffice/backend/index.php/vendor/update/1
---
2012/12/13 13:52:22 [error] [exception.CHttpException.403] exception 'CHttpException' with message 'You are not authorized to perform this action.' in /home/dglink.co.uk/domains/secure.dglink.co.uk/public_html/cboxoffice/backend/yii/framework/web/auth/CAccessControlFilter.php:170
Stack trace:
#0 /home/dglink.co.uk/domains/secure.dglink.co.uk/public_html/cboxoffice/backend/yii/framework/web/auth/CAccessControlFilter.php(133): CAccessControlFilter->accessDenied(Object(CWebUser), 'You are not aut...')
#1 /home/dglink.co.uk/domains/secure.dglink.co.uk/public_html/cboxoffice/backend/yii/framework/web/filters/CFilter.php(39): CAccessControlFilter->preFilter(Object(CFilterChain))
#2 /home/dglink.co.uk/domains/secure.dglink.co.uk/public_html/cboxoffice/backend/yii/framework/web/CController.php(1146): CFilter->filter(Object(CFilterChain))
#3 /home/dglink.co.uk/domains/secure.dglink.co.uk/public_html/cboxoffice/backend/yii/framework/web/filters/CInlineFilter.php(59): CController->filterAccessControl(Object(CFilterChain))
#4 /home/dglink.co.uk/domains/secure.dglink.co.uk/public_html/cboxoffice/backend/yii/framework/web/filters/CFilterChain.php(131): CInlineFilter->filter(Object(CFilterChain))
#5 /home/dglink.co.uk/domains/secure.dglink.co.uk/public_html/cboxoffice/backend/yii/framework/web/CController.php(292): CFilterChain->run()
#6 /home/dglink.co.uk/domains/secure.dglink.co.uk/public_html/cboxoffice/backend/yii/framework/web/CController.php(266): CController->runActionWithFilters(Object(CInlineAction), Array)
#7 /home/dglink.co.uk/domains/secure.dglink.co.uk/public_html/cboxoffice/backend/yii/framework/web/CWebApplication.php(283): CController->run('admin')
#8 /home/dglink.co.uk/domains/secure.dglink.co.uk/public_html/cboxoffice/backend/yii/framework/web/CWebApplication.php(142): CWebApplication->runController('event/admin')
#9 /home/dglink.co.uk/domains/secure.dglink.co.uk/public_html/cboxoffice/backend/yii/framework/base/CApplication.php(162): CWebApplication->processRequest()
#10 /home/dglink.co.uk/domains/secure.dglink.co.uk/public_html/cboxoffice/backend/index.php(13): CApplication->run()
#11 {main}
REQUEST_URI=/cboxoffice/backend/index.php/event/admin
HTTP_REFERER=https://secure.dglink.co.uk/cboxoffice/backend/index.php/event/admin
---
2012/12/13 13:52:23 [error] [exception.CHttpException.403] exception 'CHttpException' with message 'You are not authorized to perform this action.' in /home/dglink.co.uk/domains/secure.dglink.co.uk/public_html/cboxoffice/backend/yii/framework/web/auth/CAccessControlFilter.php:170
Stack trace:
#0 /home/dglink.co.uk/domains/secure.dglink.co.uk/public_html/cboxoffice/backend/yii/framework/web/auth/CAccessControlFilter.php(133): CAccessControlFilter->accessDenied(Object(CWebUser), 'You are not aut...')
#1 /home/dglink.co.uk/domains/secure.dglink.co.uk/public_html/cboxoffice/backend/yii/framework/web/filters/CFilter.php(39): CAccessControlFilter->preFilter(Object(CFilterChain))
#2 /home/dglink.co.uk/domains/secure.dglink.co.uk/public_html/cboxoffice/backend/yii/framework/web/CController.php(1146): CFilter->filter(Object(CFilterChain))
#3 /home/dglink.co.uk/domains/secure.dglink.co.uk/public_html/cboxoffice/backend/yii/framework/web/filters/CInlineFilter.php(59): CController->filterAccessControl(Object(CFilterChain))
#4 /home/dglink.co.uk/domains/secure.dglink.co.uk/public_html/cboxoffice/backend/yii/framework/web/filters/CFilterChain.php(131): CInlineFilter->filter(Object(CFilterChain))
#5 /home/dglink.co.uk/domains/secure.dglink.co.uk/public_html/cboxoffice/backend/yii/framework/web/CController.php(292): CFilterChain->run()
#6 /home/dglink.co.uk/domains/secure.dglink.co.uk/public_html/cboxoffice/backend/yii/framework/web/CController.php(266): CController->runActionWithFilters(Object(CInlineAction), Array)
#7 /home/dglink.co.uk/domains/secure.dglink.co.uk/public_html/cboxoffice/backend/yii/framework/web/CWebApplication.php(283): CController->run('admin')
#8 /home/dglink.co.uk/domains/secure.dglink.co.uk/public_html/cboxoffice/backend/yii/framework/web/CWebApplication.php(142): CWebApplication->runController('event/admin')
#9 /home/dglink.co.uk/domains/secure.dglink.co.uk/public_html/cboxoffice/backend/yii/framework/base/CApplication.php(162): CWebApplication->processRequest()
#10 /home/dglink.co.uk/domains/secure.dglink.co.uk/public_html/cboxoffice/backend/index.php(13): CApplication->run()
#11 {main}
REQUEST_URI=/cboxoffice/backend/index.php/event/admin
HTTP_REFERER=https://secure.dglink.co.uk/cboxoffice/backend/index.php/event/admin
---
2012/12/13 13:52:25 [error] [exception.CHttpException.403] exception 'CHttpException' with message 'You are not authorized to perform this action.' in /home/dglink.co.uk/domains/secure.dglink.co.uk/public_html/cboxoffice/backend/yii/framework/web/auth/CAccessControlFilter.php:170
Stack trace:
#0 /home/dglink.co.uk/domains/secure.dglink.co.uk/public_html/cboxoffice/backend/yii/framework/web/auth/CAccessControlFilter.php(133): CAccessControlFilter->accessDenied(Object(CWebUser), 'You are not aut...')
#1 /home/dglink.co.uk/domains/secure.dglink.co.uk/public_html/cboxoffice/backend/yii/framework/web/filters/CFilter.php(39): CAccessControlFilter->preFilter(Object(CFilterChain))
#2 /home/dglink.co.uk/domains/secure.dglink.co.uk/public_html/cboxoffice/backend/yii/framework/web/CController.php(1146): CFilter->filter(Object(CFilterChain))
#3 /home/dglink.co.uk/domains/secure.dglink.co.uk/public_html/cboxoffice/backend/yii/framework/web/filters/CInlineFilter.php(59): CController->filterAccessControl(Object(CFilterChain))
#4 /home/dglink.co.uk/domains/secure.dglink.co.uk/public_html/cboxoffice/backend/yii/framework/web/filters/CFilterChain.php(131): CInlineFilter->filter(Object(CFilterChain))
#5 /home/dglink.co.uk/domains/secure.dglink.co.uk/public_html/cboxoffice/backend/yii/framework/web/CController.php(292): CFilterChain->run()
#6 /home/dglink.co.uk/domains/secure.dglink.co.uk/public_html/cboxoffice/backend/yii/framework/web/CController.php(266): CController->runActionWithFilters(Object(CInlineAction), Array)
#7 /home/dglink.co.uk/domains/secure.dglink.co.uk/public_html/cboxoffice/backend/yii/framework/web/CWebApplication.php(283): CController->run('admin')
#8 /home/dglink.co.uk/domains/secure.dglink.co.uk/public_html/cboxoffice/backend/yii/framework/web/CWebApplication.php(142): CWebApplication->runController('event/admin')
#9 /home/dglink.co.uk/domains/secure.dglink.co.uk/public_html/cboxoffice/backend/yii/framework/base/CApplication.php(162): CWebApplication->processRequest()
#10 /home/dglink.co.uk/domains/secure.dglink.co.uk/public_html/cboxoffice/backend/index.php(13): CApplication->run()
#11 {main}
REQUEST_URI=/cboxoffice/backend/index.php/event/admin
HTTP_REFERER=https://secure.dglink.co.uk/cboxoffice/backend/index.php/vendor/update/1
---
2012/12/13 13:52:33 [error] [exception.CHttpException.403] exception 'CHttpException' with message 'You are not authorized to perform this action.' in /home/dglink.co.uk/domains/secure.dglink.co.uk/public_html/cboxoffice/backend/yii/framework/web/auth/CAccessControlFilter.php:170
Stack trace:
#0 /home/dglink.co.uk/domains/secure.dglink.co.uk/public_html/cboxoffice/backend/yii/framework/web/auth/CAccessControlFilter.php(133): CAccessControlFilter->accessDenied(Object(CWebUser), 'You are not aut...')
#1 /home/dglink.co.uk/domains/secure.dglink.co.uk/public_html/cboxoffice/backend/yii/framework/web/filters/CFilter.php(39): CAccessControlFilter->preFilter(Object(CFilterChain))
#2 /home/dglink.co.uk/domains/secure.dglink.co.uk/public_html/cboxoffice/backend/yii/framework/web/CController.php(1146): CFilter->filter(Object(CFilterChain))
#3 /home/dglink.co.uk/domains/secure.dglink.co.uk/public_html/cboxoffice/backend/yii/framework/web/filters/CInlineFilter.php(59): CController->filterAccessControl(Object(CFilterChain))
#4 /home/dglink.co.uk/domains/secure.dglink.co.uk/public_html/cboxoffice/backend/yii/framework/web/filters/CFilterChain.php(131): CInlineFilter->filter(Object(CFilterChain))
#5 /home/dglink.co.uk/domains/secure.dglink.co.uk/public_html/cboxoffice/backend/yii/framework/web/CController.php(292): CFilterChain->run()
#6 /home/dglink.co.uk/domains/secure.dglink.co.uk/public_html/cboxoffice/backend/yii/framework/web/CController.php(266): CController->runActionWithFilters(Object(CInlineAction), Array)
#7 /home/dglink.co.uk/domains/secure.dglink.co.uk/public_html/cboxoffice/backend/yii/framework/web/CWebApplication.php(283): CController->run('admin')
#8 /home/dglink.co.uk/domains/secure.dglink.co.uk/public_html/cboxoffice/backend/yii/framework/web/CWebApplication.php(142): CWebApplication->runController('event/admin')
#9 /home/dglink.co.uk/domains/secure.dglink.co.uk/public_html/cboxoffice/backend/yii/framework/base/CApplication.php(162): CWebApplication->processRequest()
#10 /home/dglink.co.uk/domains/secure.dglink.co.uk/public_html/cboxoffice/backend/index.php(13): CApplication->run()
#11 {main}
REQUEST_URI=/cboxoffice/backend/index.php/event/admin
HTTP_REFERER=https://secure.dglink.co.uk/cboxoffice/backend/index.php/vendor/update/1
---
2012/12/13 13:52:52 [error] [exception.CHttpException.403] exception 'CHttpException' with message 'You are not authorized to perform this action.' in /home/dglink.co.uk/domains/secure.dglink.co.uk/public_html/cboxoffice/backend/yii/framework/web/auth/CAccessControlFilter.php:170
Stack trace:
#0 /home/dglink.co.uk/domains/secure.dglink.co.uk/public_html/cboxoffice/backend/yii/framework/web/auth/CAccessControlFilter.php(133): CAccessControlFilter->accessDenied(Object(CWebUser), 'You are not aut...')
#1 /home/dglink.co.uk/domains/secure.dglink.co.uk/public_html/cboxoffice/backend/yii/framework/web/filters/CFilter.php(39): CAccessControlFilter->preFilter(Object(CFilterChain))
#2 /home/dglink.co.uk/domains/secure.dglink.co.uk/public_html/cboxoffice/backend/yii/framework/web/CController.php(1146): CFilter->filter(Object(CFilterChain))
#3 /home/dglink.co.uk/domains/secure.dglink.co.uk/public_html/cboxoffice/backend/yii/framework/web/filters/CInlineFilter.php(59): CController->filterAccessControl(Object(CFilterChain))
#4 /home/dglink.co.uk/domains/secure.dglink.co.uk/public_html/cboxoffice/backend/yii/framework/web/filters/CFilterChain.php(131): CInlineFilter->filter(Object(CFilterChain))
#5 /home/dglink.co.uk/domains/secure.dglink.co.uk/public_html/cboxoffice/backend/yii/framework/web/CController.php(292): CFilterChain->run()
#6 /home/dglink.co.uk/domains/secure.dglink.co.uk/public_html/cboxoffice/backend/yii/framework/web/CController.php(266): CController->runActionWithFilters(Object(CInlineAction), Array)
#7 /home/dglink.co.uk/domains/secure.dglink.co.uk/public_html/cboxoffice/backend/yii/framework/web/CWebApplication.php(283): CController->run('admin')
#8 /home/dglink.co.uk/domains/secure.dglink.co.uk/public_html/cboxoffice/backend/yii/framework/web/CWebApplication.php(142): CWebApplication->runController('event/admin')
#9 /home/dglink.co.uk/domains/secure.dglink.co.uk/public_html/cboxoffice/backend/yii/framework/base/CApplication.php(162): CWebApplication->processRequest()
#10 /home/dglink.co.uk/domains/secure.dglink.co.uk/public_html/cboxoffice/backend/index.php(13): CApplication->run()
#11 {main}
REQUEST_URI=/cboxoffice/backend/index.php/event/admin
HTTP_REFERER=https://secure.dglink.co.uk/cboxoffice/backend/index.php
---
2012/12/13 13:52:59 [error] [exception.CHttpException.403] exception 'CHttpException' with message 'You are not authorized to perform this action.' in /home/dglink.co.uk/domains/secure.dglink.co.uk/public_html/cboxoffice/backend/yii/framework/web/auth/CAccessControlFilter.php:170
Stack trace:
#0 /home/dglink.co.uk/domains/secure.dglink.co.uk/public_html/cboxoffice/backend/yii/framework/web/auth/CAccessControlFilter.php(133): CAccessControlFilter->accessDenied(Object(CWebUser), 'You are not aut...')
#1 /home/dglink.co.uk/domains/secure.dglink.co.uk/public_html/cboxoffice/backend/yii/framework/web/filters/CFilter.php(39): CAccessControlFilter->preFilter(Object(CFilterChain))
#2 /home/dglink.co.uk/domains/secure.dglink.co.uk/public_html/cboxoffice/backend/yii/framework/web/CController.php(1146): CFilter->filter(Object(CFilterChain))
#3 /home/dglink.co.uk/domains/secure.dglink.co.uk/public_html/cboxoffice/backend/yii/framework/web/filters/CInlineFilter.php(59): CController->filterAccessControl(Object(CFilterChain))
#4 /home/dglink.co.uk/domains/secure.dglink.co.uk/public_html/cboxoffice/backend/yii/framework/web/filters/CFilterChain.php(131): CInlineFilter->filter(Object(CFilterChain))
#5 /home/dglink.co.uk/domains/secure.dglink.co.uk/public_html/cboxoffice/backend/yii/framework/web/CController.php(292): CFilterChain->run()
#6 /home/dglink.co.uk/domains/secure.dglink.co.uk/public_html/cboxoffice/backend/yii/framework/web/CController.php(266): CController->runActionWithFilters(Object(CInlineAction), Array)
#7 /home/dglink.co.uk/domains/secure.dglink.co.uk/public_html/cboxoffice/backend/yii/framework/web/CWebApplication.php(283): CController->run('admin')
#8 /home/dglink.co.uk/domains/secure.dglink.co.uk/public_html/cboxoffice/backend/yii/framework/web/CWebApplication.php(142): CWebApplication->runController('event/admin')
#9 /home/dglink.co.uk/domains/secure.dglink.co.uk/public_html/cboxoffice/backend/yii/framework/base/CApplication.php(162): CWebApplication->processRequest()
#10 /home/dglink.co.uk/domains/secure.dglink.co.uk/public_html/cboxoffice/backend/index.php(13): CApplication->run()
#11 {main}
REQUEST_URI=/cboxoffice/backend/index.php/event/admin
HTTP_REFERER=https://secure.dglink.co.uk/cboxoffice/backend/index.php/vendor/update/1
---
2012/12/13 13:53:05 [error] [exception.CHttpException.403] exception 'CHttpException' with message 'You are not authorized to perform this action.' in /home/dglink.co.uk/domains/secure.dglink.co.uk/public_html/cboxoffice/backend/yii/framework/web/auth/CAccessControlFilter.php:170
Stack trace:
#0 /home/dglink.co.uk/domains/secure.dglink.co.uk/public_html/cboxoffice/backend/yii/framework/web/auth/CAccessControlFilter.php(133): CAccessControlFilter->accessDenied(Object(CWebUser), 'You are not aut...')
#1 /home/dglink.co.uk/domains/secure.dglink.co.uk/public_html/cboxoffice/backend/yii/framework/web/filters/CFilter.php(39): CAccessControlFilter->preFilter(Object(CFilterChain))
#2 /home/dglink.co.uk/domains/secure.dglink.co.uk/public_html/cboxoffice/backend/yii/framework/web/CController.php(1146): CFilter->filter(Object(CFilterChain))
#3 /home/dglink.co.uk/domains/secure.dglink.co.uk/public_html/cboxoffice/backend/yii/framework/web/filters/CInlineFilter.php(59): CController->filterAccessControl(Object(CFilterChain))
#4 /home/dglink.co.uk/domains/secure.dglink.co.uk/public_html/cboxoffice/backend/yii/framework/web/filters/CFilterChain.php(131): CInlineFilter->filter(Object(CFilterChain))
#5 /home/dglink.co.uk/domains/secure.dglink.co.uk/public_html/cboxoffice/backend/yii/framework/web/CController.php(292): CFilterChain->run()
#6 /home/dglink.co.uk/domains/secure.dglink.co.uk/public_html/cboxoffice/backend/yii/framework/web/CController.php(266): CController->runActionWithFilters(Object(CInlineAction), Array)
#7 /home/dglink.co.uk/domains/secure.dglink.co.uk/public_html/cboxoffice/backend/yii/framework/web/CWebApplication.php(283): CController->run('admin')
#8 /home/dglink.co.uk/domains/secure.dglink.co.uk/public_html/cboxoffice/backend/yii/framework/web/CWebApplication.php(142): CWebApplication->runController('event/admin')
#9 /home/dglink.co.uk/domains/secure.dglink.co.uk/public_html/cboxoffice/backend/yii/framework/base/CApplication.php(162): CWebApplication->processRequest()
#10 /home/dglink.co.uk/domains/secure.dglink.co.uk/public_html/cboxoffice/backend/index.php(13): CApplication->run()
#11 {main}
REQUEST_URI=/cboxoffice/backend/index.php/event/admin
HTTP_REFERER=https://secure.dglink.co.uk/cboxoffice/backend/index.php/vendor/update/1
---
2012/12/13 13:53:39 [error] [exception.CHttpException.403] exception 'CHttpException' with message 'You are not authorized to perform this action.' in /home/dglink.co.uk/domains/secure.dglink.co.uk/public_html/cboxoffice/backend/yii/framework/web/auth/CAccessControlFilter.php:170
Stack trace:
#0 /home/dglink.co.uk/domains/secure.dglink.co.uk/public_html/cboxoffice/backend/yii/framework/web/auth/CAccessControlFilter.php(133): CAccessControlFilter->accessDenied(Object(CWebUser), 'You are not aut...')
#1 /home/dglink.co.uk/domains/secure.dglink.co.uk/public_html/cboxoffice/backend/yii/framework/web/filters/CFilter.php(39): CAccessControlFilter->preFilter(Object(CFilterChain))
#2 /home/dglink.co.uk/domains/secure.dglink.co.uk/public_html/cboxoffice/backend/yii/framework/web/CController.php(1146): CFilter->filter(Object(CFilterChain))
#3 /home/dglink.co.uk/domains/secure.dglink.co.uk/public_html/cboxoffice/backend/yii/framework/web/filters/CInlineFilter.php(59): CController->filterAccessControl(Object(CFilterChain))
#4 /home/dglink.co.uk/domains/secure.dglink.co.uk/public_html/cboxoffice/backend/yii/framework/web/filters/CFilterChain.php(131): CInlineFilter->filter(Object(CFilterChain))
#5 /home/dglink.co.uk/domains/secure.dglink.co.uk/public_html/cboxoffice/backend/yii/framework/web/CController.php(292): CFilterChain->run()
#6 /home/dglink.co.uk/domains/secure.dglink.co.uk/public_html/cboxoffice/backend/yii/framework/web/CController.php(266): CController->runActionWithFilters(Object(CInlineAction), Array)
#7 /home/dglink.co.uk/domains/secure.dglink.co.uk/public_html/cboxoffice/backend/yii/framework/web/CWebApplication.php(283): CController->run('admin')
#8 /home/dglink.co.uk/domains/secure.dglink.co.uk/public_html/cboxoffice/backend/yii/framework/web/CWebApplication.php(142): CWebApplication->runController('event/admin')
#9 /home/dglink.co.uk/domains/secure.dglink.co.uk/public_html/cboxoffice/backend/yii/framework/base/CApplication.php(162): CWebApplication->processRequest()
#10 /home/dglink.co.uk/domains/secure.dglink.co.uk/public_html/cboxoffice/backend/index.php(13): CApplication->run()
#11 {main}
REQUEST_URI=/cboxoffice/backend/index.php/event/admin
HTTP_REFERER=https://secure.dglink.co.uk/cboxoffice/backend/index.php
---
2012/12/13 13:54:46 [warning] [application] Failed to set unsafe attribute "ticket_logo_path" of "Event".
in /home/dglink.co.uk/domains/secure.dglink.co.uk/public_html/cboxoffice/backend/protected/controllers/EventController.php (103)
in /home/dglink.co.uk/domains/secure.dglink.co.uk/public_html/cboxoffice/backend/index.php (13)
2012/12/15 16:50:02 [warning] [application] Failed to set unsafe attribute "ticket_logo_path" of "Event".
in /home/dglink.co.uk/domains/secure.dglink.co.uk/public_html/cboxoffice/backend/protected/controllers/EventController.php (103)
in /home/dglink.co.uk/domains/secure.dglink.co.uk/public_html/cboxoffice/backend/index.php (13)
2012/12/15 16:57:41 [warning] [application] Failed to set unsafe attribute "ticket_logo_path" of "Event".
in /home/dglink.co.uk/domains/secure.dglink.co.uk/public_html/cboxoffice/backend/protected/controllers/EventController.php (103)
in /home/dglink.co.uk/domains/secure.dglink.co.uk/public_html/cboxoffice/backend/index.php (13)
2012/12/16 03:26:29 [warning] [application] Failed to set unsafe attribute "ticket_logo_path" of "Event".
in /home/dglink.co.uk/domains/secure.dglink.co.uk/public_html/cboxoffice/backend/protected/controllers/EventController.php (103)
in /home/dglink.co.uk/domains/secure.dglink.co.uk/public_html/cboxoffice/backend/index.php (13)
2012/12/16 17:35:41 [warning] [application] Failed to set unsafe attribute "ticket_logo_path" of "Event".
in /home/dglink.co.uk/domains/secure.dglink.co.uk/public_html/cboxoffice/backend/protected/controllers/EventController.php (103)
in /home/dglink.co.uk/domains/secure.dglink.co.uk/public_html/cboxoffice/backend/index.php (13)
2012/12/17 13:46:00 [warning] [application] Failed to set unsafe attribute "ticket_logo_path" of "Event".
in /home/dglink.co.uk/domains/secure.dglink.co.uk/public_html/cboxoffice/backend/protected/controllers/EventController.php (103)
in /home/dglink.co.uk/domains/secure.dglink.co.uk/public_html/cboxoffice/backend/index.php (13)
2012/12/17 13:47:06 [warning] [application] Failed to set unsafe attribute "ticket_logo_path" of "Event".
in /home/dglink.co.uk/domains/secure.dglink.co.uk/public_html/cboxoffice/backend/protected/controllers/EventController.php (103)
in /home/dglink.co.uk/domains/secure.dglink.co.uk/public_html/cboxoffice/backend/index.php (13)
2012/12/18 16:02:18 [warning] [application] Failed to set unsafe attribute "ticket_logo_path" of "Event".
in /home/dglink.co.uk/domains/secure.dglink.co.uk/public_html/cboxoffice/backend/protected/controllers/EventController.php (103)
in /home/dglink.co.uk/domains/secure.dglink.co.uk/public_html/cboxoffice/backend/index.php (13)
2012/12/18 18:55:18 [warning] [application] Failed to set unsafe attribute "ticket_logo_path" of "Event".
in /home/dglink.co.uk/domains/secure.dglink.co.uk/public_html/cboxoffice/backend/protected/controllers/EventController.php (103)
in /home/dglink.co.uk/domains/secure.dglink.co.uk/public_html/cboxoffice/backend/index.php (13)
2012/12/18 18:56:53 [warning] [application] Failed to set unsafe attribute "ticket_logo_path" of "Event".
in /home/dglink.co.uk/domains/secure.dglink.co.uk/public_html/cboxoffice/backend/protected/controllers/EventController.php (103)
in /home/dglink.co.uk/domains/secure.dglink.co.uk/public_html/cboxoffice/backend/index.php (13)
2013/01/10 17:30:47 [warning] [application] Failed to set unsafe attribute "ticket_logo_path" of "Event".
in /home/dglink.co.uk/domains/secure.dglink.co.uk/public_html/cboxoffice/backend/protected/controllers/EventController.php (103)
in /home/dglink.co.uk/domains/secure.dglink.co.uk/public_html/cboxoffice/backend/index.php (13)
2013/01/11 17:15:17 [warning] [application] Failed to set unsafe attribute "ticket_logo_path" of "Event".
in /home/dglink.co.uk/domains/secure.dglink.co.uk/public_html/cboxoffice/backend/protected/controllers/EventController.php (103)
in /home/dglink.co.uk/domains/secure.dglink.co.uk/public_html/cboxoffice/backend/index.php (13)
2013/01/11 18:48:03 [error] [exception.CHttpException.403] exception 'CHttpException' with message 'You are not allowed to access this page.' in /home/dglink.co.uk/domains/secure.dglink.co.uk/public_html/cboxoffice/backend/yii/framework/gii/GiiModule.php:169
Stack trace:
#0 /home/dglink.co.uk/domains/secure.dglink.co.uk/public_html/cboxoffice/backend/yii/framework/web/CController.php(264): GiiModule->beforeControllerAction(Object(DefaultController), Object(CInlineAction))
#1 /home/dglink.co.uk/domains/secure.dglink.co.uk/public_html/cboxoffice/backend/yii/framework/web/CWebApplication.php(283): CController->run('')
#2 /home/dglink.co.uk/domains/secure.dglink.co.uk/public_html/cboxoffice/backend/yii/framework/web/CWebApplication.php(142): CWebApplication->runController('gii')
#3 /home/dglink.co.uk/domains/secure.dglink.co.uk/public_html/cboxoffice/backend/yii/framework/base/CApplication.php(162): CWebApplication->processRequest()
#4 /home/dglink.co.uk/domains/secure.dglink.co.uk/public_html/cboxoffice/backend/index.php(13): CApplication->run()
#5 {main}
REQUEST_URI=/cboxoffice/backend/index.php/gii
---
2013/01/11 18:48:56 [error] [exception.CHttpException.403] exception 'CHttpException' with message 'You are not allowed to access this page.' in /home/dglink.co.uk/domains/secure.dglink.co.uk/public_html/cboxoffice/backend/yii/framework/gii/GiiModule.php:169
Stack trace:
#0 /home/dglink.co.uk/domains/secure.dglink.co.uk/public_html/cboxoffice/backend/yii/framework/web/CController.php(264): GiiModule->beforeControllerAction(Object(DefaultController), Object(CInlineAction))
#1 /home/dglink.co.uk/domains/secure.dglink.co.uk/public_html/cboxoffice/backend/yii/framework/web/CWebApplication.php(283): CController->run('')
#2 /home/dglink.co.uk/domains/secure.dglink.co.uk/public_html/cboxoffice/backend/yii/framework/web/CWebApplication.php(142): CWebApplication->runController('gii')
#3 /home/dglink.co.uk/domains/secure.dglink.co.uk/public_html/cboxoffice/backend/yii/framework/base/CApplication.php(162): CWebApplication->processRequest()
#4 /home/dglink.co.uk/domains/secure.dglink.co.uk/public_html/cboxoffice/backend/index.php(13): CApplication->run()
#5 {main}
REQUEST_URI=/cboxoffice/backend/index.php/gii
---
2013/02/26 12:32:34 [warning] [application] Failed to set unsafe attribute "ticket_logo_path" of "Event".
in /home/kim/dev/old/cboxoffice/backend/protected/controllers/EventController.php (103)
in /home/kim/dev/old/cboxoffice/backend/index.php (13)
2013/02/26 16:18:02 [error] [exception.CException] exception 'CException' with message 'Property "Transaction.adults" is not defined.' in /home/kim/dev/old/cboxoffice/backend/yii/framework/base/CComponent.php:131
Stack trace:
#0 /home/kim/dev/old/cboxoffice/backend/yii/framework/db/ar/CActiveRecord.php(144): CComponent->__get('adults')
#1 /home/kim/dev/old/cboxoffice/backend/protected/models/Transaction.php(122): CActiveRecord->__get('adults')
#2 /home/kim/dev/old/cboxoffice/backend/protected/views/transaction/admin.php(33): Transaction->search()
#3 /home/kim/dev/old/cboxoffice/backend/yii/framework/web/CBaseController.php(127): require('/home/kim/dev/o...')
#4 /home/kim/dev/old/cboxoffice/backend/yii/framework/web/CBaseController.php(96): CBaseController->renderInternal('/home/kim/dev/o...', Array, true)
#5 /home/kim/dev/old/cboxoffice/backend/yii/framework/web/CController.php(870): CBaseController->renderFile('/home/kim/dev/o...', Array, true)
#6 /home/kim/dev/old/cboxoffice/backend/yii/framework/web/CController.php(783): CController->renderPartial('admin', Array, true)
#7 /home/kim/dev/old/cboxoffice/backend/protected/controllers/TransactionController.php(150): CController->render('admin', Array)
#8 /home/kim/dev/old/cboxoffice/backend/yii/framework/web/actions/CInlineAction.php(50): TransactionController->actionAdmin()
#9 /home/kim/dev/old/cboxoffice/backend/yii/framework/web/CController.php(309): CInlineAction->runWithParams(Array)
#10 /home/kim/dev/old/cboxoffice/backend/yii/framework/web/filters/CFilterChain.php(134): CController->runAction(Object(CInlineAction))
#11 /home/kim/dev/old/cboxoffice/backend/yii/framework/web/filters/CFilter.php(41): CFilterChain->run()
#12 /home/kim/dev/old/cboxoffice/backend/yii/framework/web/CController.php(1146): CFilter->filter(Object(CFilterChain))
#13 /home/kim/dev/old/cboxoffice/backend/yii/framework/web/filters/CInlineFilter.php(59): CController->filterAccessControl(Object(CFilterChain))
#14 /home/kim/dev/old/cboxoffice/backend/yii/framework/web/filters/CFilterChain.php(131): CInlineFilter->filter(Object(CFilterChain))
#15 /home/kim/dev/old/cboxoffice/backend/yii/framework/web/CController.php(292): CFilterChain->run()
#16 /home/kim/dev/old/cboxoffice/backend/yii/framework/web/CController.php(266): CController->runActionWithFilters(Object(CInlineAction), Array)
#17 /home/kim/dev/old/cboxoffice/backend/yii/framework/web/CWebApplication.php(283): CController->run('admin')
#18 /home/kim/dev/old/cboxoffice/backend/yii/framework/web/CWebApplication.php(142): CWebApplication->runController('transaction/adm...')
#19 /home/kim/dev/old/cboxoffice/backend/yii/framework/base/CApplication.php(162): CWebApplication->processRequest()
#20 /home/kim/dev/old/cboxoffice/backend/index.php(13): CApplication->run()
#21 {main}
REQUEST_URI=/backend/index.php/transaction/admin
HTTP_REFERER=http://cboxoffice.dev/backend/index.php
---
2013/02/26 17:09:12 [error] [exception.CException] exception 'CException' with message 'Property "Transaction.adults" is not defined.' in /home/kim/dev/old/cboxoffice/backend/yii/framework/base/CComponent.php:131
Stack trace:
#0 /home/kim/dev/old/cboxoffice/backend/yii/framework/db/ar/CActiveRecord.php(144): CComponent->__get('adults')
#1 /home/kim/dev/old/cboxoffice/backend/yii/framework/web/helpers/CHtml.php(2158): CActiveRecord->__get('adults')
#2 /home/kim/dev/old/cboxoffice/backend/yii/framework/web/helpers/CHtml.php(1887): CHtml::resolveValue(Object(Transaction), 'adults')
#3 /home/kim/dev/old/cboxoffice/backend/yii/framework/web/helpers/CHtml.php(1217): CHtml::activeInputField('text', Object(Transaction), 'adults', Array)
#4 /home/kim/dev/old/cboxoffice/backend/yii/framework/zii/widgets/grid/CDataColumn.php(98): CHtml::activeTextField(Object(Transaction), 'adults', Array)
#5 /home/kim/dev/old/cboxoffice/backend/yii/framework/zii/widgets/grid/CGridColumn.php(110): CDataColumn->renderFilterCellContent()
#6 /home/kim/dev/old/cboxoffice/backend/yii/framework/zii/widgets/grid/CGridView.php(477): CGridColumn->renderFilterCell()
#7 /home/kim/dev/old/cboxoffice/backend/yii/framework/zii/widgets/grid/CGridView.php(455): CGridView->renderFilter()
#8 /home/kim/dev/old/cboxoffice/backend/yii/framework/zii/widgets/grid/CGridView.php(425): CGridView->renderTableHeader()
#9 /home/kim/dev/old/cboxoffice/backend/yii/framework/zii/widgets/CBaseListView.php(161): CGridView->renderItems()
#10 [internal function]: CBaseListView->renderSection(Array)
#11 /home/kim/dev/old/cboxoffice/backend/yii/framework/zii/widgets/CBaseListView.php(144): preg_replace_callback('/{(\w+)}/', Array, '{summary}?{item...')
#12 /home/kim/dev/old/cboxoffice/backend/yii/framework/zii/widgets/CBaseListView.php(129): CBaseListView->renderContent()
#13 /home/kim/dev/old/cboxoffice/backend/yii/framework/web/CBaseController.php(174): CBaseListView->run()
#14 /home/kim/dev/old/cboxoffice/backend/protected/views/transaction/admin.php(77): CBaseController->widget('zii.widgets.gri...', Array)
#15 /home/kim/dev/old/cboxoffice/backend/yii/framework/web/CBaseController.php(127): require('/home/kim/dev/o...')
#16 /home/kim/dev/old/cboxoffice/backend/yii/framework/web/CBaseController.php(96): CBaseController->renderInternal('/home/kim/dev/o...', Array, true)
#17 /home/kim/dev/old/cboxoffice/backend/yii/framework/web/CController.php(870): CBaseController->renderFile('/home/kim/dev/o...', Array, true)
#18 /home/kim/dev/old/cboxoffice/backend/yii/framework/web/CController.php(783): CController->renderPartial('admin', Array, true)
#19 /home/kim/dev/old/cboxoffice/backend/protected/controllers/TransactionController.php(150): CController->render('admin', Array)
#20 /home/kim/dev/old/cboxoffice/backend/yii/framework/web/actions/CInlineAction.php(50): TransactionController->actionAdmin()
#21 /home/kim/dev/old/cboxoffice/backend/yii/framework/web/CController.php(309): CInlineAction->runWithParams(Array)
#22 /home/kim/dev/old/cboxoffice/backend/yii/framework/web/filters/CFilterChain.php(134): CController->runAction(Object(CInlineAction))
#23 /home/kim/dev/old/cboxoffice/backend/yii/framework/web/filters/CFilter.php(41): CFilterChain->run()
#24 /home/kim/dev/old/cboxoffice/backend/yii/framework/web/CController.php(1146): CFilter->filter(Object(CFilterChain))
#25 /home/kim/dev/old/cboxoffice/backend/yii/framework/web/filters/CInlineFilter.php(59): CController->filterAccessControl(Object(CFilterChain))
#26 /home/kim/dev/old/cboxoffice/backend/yii/framework/web/filters/CFilterChain.php(131): CInlineFilter->filter(Object(CFilterChain))
#27 /home/kim/dev/old/cboxoffice/backend/yii/framework/web/CController.php(292): CFilterChain->run()
#28 /home/kim/dev/old/cboxoffice/backend/yii/framework/web/CController.php(266): CController->runActionWithFilters(Object(CInlineAction), Array)
#29 /home/kim/dev/old/cboxoffice/backend/yii/framework/web/CWebApplication.php(283): CController->run('admin')
#30 /home/kim/dev/old/cboxoffice/backend/yii/framework/web/CWebApplication.php(142): CWebApplication->runController('transaction/adm...')
#31 /home/kim/dev/old/cboxoffice/backend/yii/framework/base/CApplication.php(162): CWebApplication->processRequest()
#32 /home/kim/dev/old/cboxoffice/backend/index.php(13): CApplication->run()
#33 {main}
REQUEST_URI=/backend/index.php/transaction/admin
HTTP_REFERER=http://cboxoffice.dev/backend/index.php/site/login
---
2013/04/05 09:59:51 [error] [exception.CException] exception 'CException' with message 'Property "Transaction.friday" is not defined.' in /home/kim/dev/src/www/yii/insightklg.co.uk/ticket/backend/yii/framework/base/CComponent.php:131
Stack trace:
#0 /home/kim/dev/src/www/yii/insightklg.co.uk/ticket/backend/yii/framework/db/ar/CActiveRecord.php(144): CComponent->__get('friday')
#1 /home/kim/dev/src/www/yii/insightklg.co.uk/ticket/backend/protected/models/Transaction.php(126): CActiveRecord->__get('friday')
#2 /home/kim/dev/src/www/yii/insightklg.co.uk/ticket/backend/protected/views/transaction/admin.php(33): Transaction->search()
#3 /home/kim/dev/src/www/yii/insightklg.co.uk/ticket/backend/yii/framework/web/CBaseController.php(127): require('/home/kim/dev/s...')
#4 /home/kim/dev/src/www/yii/insightklg.co.uk/ticket/backend/yii/framework/web/CBaseController.php(96): CBaseController->renderInternal('/home/kim/dev/s...', Array, true)
#5 /home/kim/dev/src/www/yii/insightklg.co.uk/ticket/backend/yii/framework/web/CController.php(870): CBaseController->renderFile('/home/kim/dev/s...', Array, true)
#6 /home/kim/dev/src/www/yii/insightklg.co.uk/ticket/backend/yii/framework/web/CController.php(783): CController->renderPartial('admin', Array, true)
#7 /home/kim/dev/src/www/yii/insightklg.co.uk/ticket/backend/protected/controllers/TransactionController.php(150): CController->render('admin', Array)
#8 /home/kim/dev/src/www/yii/insightklg.co.uk/ticket/backend/yii/framework/web/actions/CInlineAction.php(50): TransactionController->actionAdmin()
#9 /home/kim/dev/src/www/yii/insightklg.co.uk/ticket/backend/yii/framework/web/CController.php(309): CInlineAction->runWithParams(Array)
#10 /home/kim/dev/src/www/yii/insightklg.co.uk/ticket/backend/yii/framework/web/filters/CFilterChain.php(134): CController->runAction(Object(CInlineAction))
#11 /home/kim/dev/src/www/yii/insightklg.co.uk/ticket/backend/yii/framework/web/filters/CFilter.php(41): CFilterChain->run()
#12 /home/kim/dev/src/www/yii/insightklg.co.uk/ticket/backend/yii/framework/web/CController.php(1146): CFilter->filter(Object(CFilterChain))
#13 /home/kim/dev/src/www/yii/insightklg.co.uk/ticket/backend/yii/framework/web/filters/CInlineFilter.php(59): CController->filterAccessControl(Object(CFilterChain))
#14 /home/kim/dev/src/www/yii/insightklg.co.uk/ticket/backend/yii/framework/web/filters/CFilterChain.php(131): CInlineFilter->filter(Object(CFilterChain))
#15 /home/kim/dev/src/www/yii/insightklg.co.uk/ticket/backend/yii/framework/web/CController.php(292): CFilterChain->run()
#16 /home/kim/dev/src/www/yii/insightklg.co.uk/ticket/backend/yii/framework/web/CController.php(266): CController->runActionWithFilters(Object(CInlineAction), Array)
#17 /home/kim/dev/src/www/yii/insightklg.co.uk/ticket/backend/yii/framework/web/CWebApplication.php(283): CController->run('admin')
#18 /home/kim/dev/src/www/yii/insightklg.co.uk/ticket/backend/yii/framework/web/CWebApplication.php(142): CWebApplication->runController('transaction/adm...')
#19 /home/kim/dev/src/www/yii/insightklg.co.uk/ticket/backend/yii/framework/base/CApplication.php(162): CWebApplication->processRequest()
#20 /home/kim/dev/src/www/yii/insightklg.co.uk/ticket/backend/index.php(13): CApplication->run()
#21 {main}
REQUEST_URI=/ticket/backend/index.php/transaction/admin
HTTP_REFERER=http://localhost/ticket/backend/index.php/event/admin
---
2013/04/05 10:00:38 [error] [exception.CException] exception 'CException' with message 'Property "Transaction.friday" is not defined.' in /home/kim/dev/src/www/yii/insightklg.co.uk/ticket/backend/yii/framework/base/CComponent.php:131
Stack trace:
#0 /home/kim/dev/src/www/yii/insightklg.co.uk/ticket/backend/yii/framework/db/ar/CActiveRecord.php(144): CComponent->__get('friday')
#1 /home/kim/dev/src/www/yii/insightklg.co.uk/ticket/backend/protected/models/Transaction.php(126): CActiveRecord->__get('friday')
#2 /home/kim/dev/src/www/yii/insightklg.co.uk/ticket/backend/protected/views/transaction/admin.php(33): Transaction->search()
#3 /home/kim/dev/src/www/yii/insightklg.co.uk/ticket/backend/yii/framework/web/CBaseController.php(127): require('/home/kim/dev/s...')
#4 /home/kim/dev/src/www/yii/insightklg.co.uk/ticket/backend/yii/framework/web/CBaseController.php(96): CBaseController->renderInternal('/home/kim/dev/s...', Array, true)
#5 /home/kim/dev/src/www/yii/insightklg.co.uk/ticket/backend/yii/framework/web/CController.php(870): CBaseController->renderFile('/home/kim/dev/s...', Array, true)
#6 /home/kim/dev/src/www/yii/insightklg.co.uk/ticket/backend/yii/framework/web/CController.php(783): CController->renderPartial('admin', Array, true)
#7 /home/kim/dev/src/www/yii/insightklg.co.uk/ticket/backend/protected/controllers/TransactionController.php(150): CController->render('admin', Array)
#8 /home/kim/dev/src/www/yii/insightklg.co.uk/ticket/backend/yii/framework/web/actions/CInlineAction.php(50): TransactionController->actionAdmin()
#9 /home/kim/dev/src/www/yii/insightklg.co.uk/ticket/backend/yii/framework/web/CController.php(309): CInlineAction->runWithParams(Array)
#10 /home/kim/dev/src/www/yii/insightklg.co.uk/ticket/backend/yii/framework/web/filters/CFilterChain.php(134): CController->runAction(Object(CInlineAction))
#11 /home/kim/dev/src/www/yii/insightklg.co.uk/ticket/backend/yii/framework/web/filters/CFilter.php(41): CFilterChain->run()
#12 /home/kim/dev/src/www/yii/insightklg.co.uk/ticket/backend/yii/framework/web/CController.php(1146): CFilter->filter(Object(CFilterChain))
#13 /home/kim/dev/src/www/yii/insightklg.co.uk/ticket/backend/yii/framework/web/filters/CInlineFilter.php(59): CController->filterAccessControl(Object(CFilterChain))
#14 /home/kim/dev/src/www/yii/insightklg.co.uk/ticket/backend/yii/framework/web/filters/CFilterChain.php(131): CInlineFilter->filter(Object(CFilterChain))
#15 /home/kim/dev/src/www/yii/insightklg.co.uk/ticket/backend/yii/framework/web/CController.php(292): CFilterChain->run()
#16 /home/kim/dev/src/www/yii/insightklg.co.uk/ticket/backend/yii/framework/web/CController.php(266): CController->runActionWithFilters(Object(CInlineAction), Array)
#17 /home/kim/dev/src/www/yii/insightklg.co.uk/ticket/backend/yii/framework/web/CWebApplication.php(283): CController->run('admin')
#18 /home/kim/dev/src/www/yii/insightklg.co.uk/ticket/backend/yii/framework/web/CWebApplication.php(142): CWebApplication->runController('transaction/adm...')
#19 /home/kim/dev/src/www/yii/insightklg.co.uk/ticket/backend/yii/framework/base/CApplication.php(162): CWebApplication->processRequest()
#20 /home/kim/dev/src/www/yii/insightklg.co.uk/ticket/backend/index.php(13): CApplication->run()
#21 {main}
REQUEST_URI=/ticket/backend/index.php/transaction/admin
HTTP_REFERER=http://localhost/ticket/backend/index.php/event/admin
---
2013/04/05 10:29:33 [error] [exception.CException] exception 'CException' with message 'Property "Transaction.friday" is not defined.' in /home/kim/dev/src/www/yii/insightklg.co.uk/ticket/backend/yii/framework/base/CComponent.php:131
Stack trace:
#0 /home/kim/dev/src/www/yii/insightklg.co.uk/ticket/backend/yii/framework/db/ar/CActiveRecord.php(144): CComponent->__get('friday')
#1 /home/kim/dev/src/www/yii/insightklg.co.uk/ticket/backend/protected/models/Transaction.php(126): CActiveRecord->__get('friday')
#2 /home/kim/dev/src/www/yii/insightklg.co.uk/ticket/backend/protected/views/transaction/admin.php(33): Transaction->search()
#3 /home/kim/dev/src/www/yii/insightklg.co.uk/ticket/backend/yii/framework/web/CBaseController.php(127): require('/home/kim/dev/s...')
#4 /home/kim/dev/src/www/yii/insightklg.co.uk/ticket/backend/yii/framework/web/CBaseController.php(96): CBaseController->renderInternal('/home/kim/dev/s...', Array, true)
#5 /home/kim/dev/src/www/yii/insightklg.co.uk/ticket/backend/yii/framework/web/CController.php(870): CBaseController->renderFile('/home/kim/dev/s...', Array, true)
#6 /home/kim/dev/src/www/yii/insightklg.co.uk/ticket/backend/yii/framework/web/CController.php(783): CController->renderPartial('admin', Array, true)
#7 /home/kim/dev/src/www/yii/insightklg.co.uk/ticket/backend/protected/controllers/TransactionController.php(150): CController->render('admin', Array)
#8 /home/kim/dev/src/www/yii/insightklg.co.uk/ticket/backend/yii/framework/web/actions/CInlineAction.php(50): TransactionController->actionAdmin()
#9 /home/kim/dev/src/www/yii/insightklg.co.uk/ticket/backend/yii/framework/web/CController.php(309): CInlineAction->runWithParams(Array)
#10 /home/kim/dev/src/www/yii/insightklg.co.uk/ticket/backend/yii/framework/web/filters/CFilterChain.php(134): CController->runAction(Object(CInlineAction))
#11 /home/kim/dev/src/www/yii/insightklg.co.uk/ticket/backend/yii/framework/web/filters/CFilter.php(41): CFilterChain->run()
#12 /home/kim/dev/src/www/yii/insightklg.co.uk/ticket/backend/yii/framework/web/CController.php(1146): CFilter->filter(Object(CFilterChain))
#13 /home/kim/dev/src/www/yii/insightklg.co.uk/ticket/backend/yii/framework/web/filters/CInlineFilter.php(59): CController->filterAccessControl(Object(CFilterChain))
#14 /home/kim/dev/src/www/yii/insightklg.co.uk/ticket/backend/yii/framework/web/filters/CFilterChain.php(131): CInlineFilter->filter(Object(CFilterChain))
#15 /home/kim/dev/src/www/yii/insightklg.co.uk/ticket/backend/yii/framework/web/CController.php(292): CFilterChain->run()
#16 /home/kim/dev/src/www/yii/insightklg.co.uk/ticket/backend/yii/framework/web/CController.php(266): CController->runActionWithFilters(Object(CInlineAction), Array)
#17 /home/kim/dev/src/www/yii/insightklg.co.uk/ticket/backend/yii/framework/web/CWebApplication.php(283): CController->run('admin')
#18 /home/kim/dev/src/www/yii/insightklg.co.uk/ticket/backend/yii/framework/web/CWebApplication.php(142): CWebApplication->runController('transaction/adm...')
#19 /home/kim/dev/src/www/yii/insightklg.co.uk/ticket/backend/yii/framework/base/CApplication.php(162): CWebApplication->processRequest()
#20 /home/kim/dev/src/www/yii/insightklg.co.uk/ticket/backend/index.php(13): CApplication->run()
#21 {main}
REQUEST_URI=/ticket/backend/index.php/transaction/admin
HTTP_REFERER=http://localhost/ticket/backend/index.php/event/admin
---
2013/04/05 11:08:00 [warning] [application] Failed to set unsafe attribute "ticket_logo_path" of "Event".
in /home/kim/dev/src/www/yii/insightklg.co.uk/ticket/backend/protected/controllers/EventController.php (103)
in /home/kim/dev/src/www/yii/insightklg.co.uk/ticket/backend/index.php (13)
