2013/02/20 14:35:08 [error] [exception.CHttpException.403] exception 'CHttpException' with message 'You are not authorized to perform this action.' in /home/kim/dev/extern/yii-1.1.13.e9e4a0/framework/web/auth/CAccessControlFilter.php:179
Stack trace:
#0 /home/kim/dev/extern/yii-1.1.13.e9e4a0/framework/web/auth/CAccessControlFilter.php(142): CAccessControlFilter->accessDenied(Object(CWebUser), 'You are not aut...')
#1 /home/kim/dev/extern/yii-1.1.13.e9e4a0/framework/web/filters/CFilter.php(38): CAccessControlFilter->preFilter(Object(CFilterChain))
#2 /home/kim/dev/extern/yii-1.1.13.e9e4a0/framework/web/CController.php(1145): CFilter->filter(Object(CFilterChain))
#3 /home/kim/dev/extern/yii-1.1.13.e9e4a0/framework/web/filters/CInlineFilter.php(58): CController->filterAccessControl(Object(CFilterChain))
#4 /home/kim/dev/extern/yii-1.1.13.e9e4a0/framework/web/filters/CFilterChain.php(130): CInlineFilter->filter(Object(CFilterChain))
#5 /home/kim/dev/extern/yii-1.1.13.e9e4a0/framework/web/CController.php(291): CFilterChain->run()
#6 /home/kim/dev/extern/yii-1.1.13.e9e4a0/framework/web/CController.php(265): CController->runActionWithFilters(Object(CInlineAction), Array)
#7 /home/kim/dev/extern/yii-1.1.13.e9e4a0/framework/web/CWebApplication.php(282): CController->run('admin')
#8 /home/kim/dev/extern/yii-1.1.13.e9e4a0/framework/web/CWebApplication.php(141): CWebApplication->runController('plugin/admin')
#9 /home/kim/dev/extern/yii-1.1.13.e9e4a0/framework/base/CApplication.php(169): CWebApplication->processRequest()
#10 /home/kim/dev/src/www/yii/plugin/plugin/backend.php(13): CApplication->run()
#11 {main}
REQUEST_URI=/plugin/backend.php/plugin/admin
HTTP_REFERER=http://plugin.dev/plugin/backend.php/site/login
---
2013/02/20 14:35:16 [error] [exception.CHttpException.403] exception 'CHttpException' with message 'You are not authorized to perform this action.' in /home/kim/dev/extern/yii-1.1.13.e9e4a0/framework/web/auth/CAccessControlFilter.php:179
Stack trace:
#0 /home/kim/dev/extern/yii-1.1.13.e9e4a0/framework/web/auth/CAccessControlFilter.php(142): CAccessControlFilter->accessDenied(Object(CWebUser), 'You are not aut...')
#1 /home/kim/dev/extern/yii-1.1.13.e9e4a0/framework/web/filters/CFilter.php(38): CAccessControlFilter->preFilter(Object(CFilterChain))
#2 /home/kim/dev/extern/yii-1.1.13.e9e4a0/framework/web/CController.php(1145): CFilter->filter(Object(CFilterChain))
#3 /home/kim/dev/extern/yii-1.1.13.e9e4a0/framework/web/filters/CInlineFilter.php(58): CController->filterAccessControl(Object(CFilterChain))
#4 /home/kim/dev/extern/yii-1.1.13.e9e4a0/framework/web/filters/CFilterChain.php(130): CInlineFilter->filter(Object(CFilterChain))
#5 /home/kim/dev/extern/yii-1.1.13.e9e4a0/framework/web/CController.php(291): CFilterChain->run()
#6 /home/kim/dev/extern/yii-1.1.13.e9e4a0/framework/web/CController.php(265): CController->runActionWithFilters(Object(CInlineAction), Array)
#7 /home/kim/dev/extern/yii-1.1.13.e9e4a0/framework/web/CWebApplication.php(282): CController->run('admin')
#8 /home/kim/dev/extern/yii-1.1.13.e9e4a0/framework/web/CWebApplication.php(141): CWebApplication->runController('plugin/admin')
#9 /home/kim/dev/extern/yii-1.1.13.e9e4a0/framework/base/CApplication.php(169): CWebApplication->processRequest()
#10 /home/kim/dev/src/www/yii/plugin/plugin/backend.php(13): CApplication->run()
#11 {main}
REQUEST_URI=/plugin/backend.php/plugin/admin
HTTP_REFERER=http://plugin.dev/plugin/backend.php/plugin
---
2013/02/20 14:35:35 [error] [exception.CHttpException.403] exception 'CHttpException' with message 'You are not authorized to perform this action.' in /home/kim/dev/extern/yii-1.1.13.e9e4a0/framework/web/auth/CAccessControlFilter.php:179
Stack trace:
#0 /home/kim/dev/extern/yii-1.1.13.e9e4a0/framework/web/auth/CAccessControlFilter.php(142): CAccessControlFilter->accessDenied(Object(CWebUser), 'You are not aut...')
#1 /home/kim/dev/extern/yii-1.1.13.e9e4a0/framework/web/filters/CFilter.php(38): CAccessControlFilter->preFilter(Object(CFilterChain))
#2 /home/kim/dev/extern/yii-1.1.13.e9e4a0/framework/web/CController.php(1145): CFilter->filter(Object(CFilterChain))
#3 /home/kim/dev/extern/yii-1.1.13.e9e4a0/framework/web/filters/CInlineFilter.php(58): CController->filterAccessControl(Object(CFilterChain))
#4 /home/kim/dev/extern/yii-1.1.13.e9e4a0/framework/web/filters/CFilterChain.php(130): CInlineFilter->filter(Object(CFilterChain))
#5 /home/kim/dev/extern/yii-1.1.13.e9e4a0/framework/web/CController.php(291): CFilterChain->run()
#6 /home/kim/dev/extern/yii-1.1.13.e9e4a0/framework/web/CController.php(265): CController->runActionWithFilters(Object(CInlineAction), Array)
#7 /home/kim/dev/extern/yii-1.1.13.e9e4a0/framework/web/CWebApplication.php(282): CController->run('admin')
#8 /home/kim/dev/extern/yii-1.1.13.e9e4a0/framework/web/CWebApplication.php(141): CWebApplication->runController('plugin/admin')
#9 /home/kim/dev/extern/yii-1.1.13.e9e4a0/framework/base/CApplication.php(169): CWebApplication->processRequest()
#10 /home/kim/dev/src/www/yii/plugin/plugin/backend.php(13): CApplication->run()
#11 {main}
REQUEST_URI=/plugin/backend.php/plugin/admin
HTTP_REFERER=http://plugin.dev/plugin/backend.php/plugin/1
---
